0 info it worked if it ends with ok
1 verbose cli [ 'D:\\software\\Node\\node.exe',
1 verbose cli   'D:\\software\\Node\\node_modules\\npm\\bin\\npm-cli.js',
1 verbose cli   'run',
1 verbose cli   'dev' ]
2 info using npm@3.10.9
3 info using node@v6.2.0
4 verbose run-script [ 'predev', 'dev', 'postdev' ]
5 info lifecycle generatereactapp@1.0.0~predev: generatereactapp@1.0.0
6 silly lifecycle generatereactapp@1.0.0~predev: no script for predev, continuing
7 info lifecycle generatereactapp@1.0.0~dev: generatereactapp@1.0.0
8 verbose lifecycle generatereactapp@1.0.0~dev: unsafe-perm in lifecycle true
9 verbose lifecycle generatereactapp@1.0.0~dev: PATH: D:\software\Node\node_modules\npm\bin\node-gyp-bin;E:\NodeJSXServer\GenerateReactApp\node_modules\.bin;C:\ProgramData\Oracle\Java\javapath;C:\Program Files (x86)\Lenovo\FusionEngine;C:\WINDOWS\system32;C:\WINDOWS;C:\WINDOWS\System32\Wbem;C:\WINDOWS\System32\WindowsPowerShell\v1.0\;C:\Program Files (x86)\ATI Technologies\ATI.ACE\Core-Static;C:\Program Files\Intel\WiFi\bin\;C:\Program Files\Common Files\Intel\WirelessCommon\;D:\software\Node\;C:\Users\lenovo\AppData\Roaming\npm;D:\software\Microsoft VS Code\bin;C:\Users\lenovo\AppData\Local\Microsoft\WindowsApps;C:\Users\lenovo\AppData\Local\Android\sdk\tools\;C:\Program Files\Java\jdk1.8.0_131\bin;C:\Users\lenovo\AppData\Local\Android\sdk\tools;C:\Users\lenovo\AppData\Local\Android\sdk\platform-tools
10 verbose lifecycle generatereactapp@1.0.0~dev: CWD: E:\NodeJSXServer\GenerateReactApp
11 silly lifecycle generatereactapp@1.0.0~dev: Args: [ '/d /s /c', 'node ./build/dev-server.js' ]
12 verbose stack Error: kill ENOSYS
12 verbose stack     at exports._errnoException (util.js:953:11)
12 verbose stack     at process.kill (internal/process.js:173:13)
12 verbose stack     at process.listener (D:\software\Node\node_modules\npm\node_modules\npmlog\node_modules\gauge\node_modules\signal-exit\index.js:86:15)
12 verbose stack     at emitNone (events.js:91:20)
12 verbose stack     at process.emit (events.js:185:7)
12 verbose stack     at processEmit (D:\software\Node\node_modules\npm\node_modules\npmlog\node_modules\gauge\node_modules\signal-exit\index.js:146:32)
12 verbose stack     at processEmit (D:\software\Node\node_modules\npm\node_modules\npm-registry-client\node_modules\npmlog\node_modules\gauge\node_modules\signal-exit\index.js:146:32)
12 verbose stack     at Signal.wrap.onsignal (internal/process.js:201:44)
13 verbose cwd E:\NodeJSXServer\GenerateReactApp
14 error Windows_NT 10.0.14393
15 error argv "D:\\software\\Node\\node.exe" "D:\\software\\Node\\node_modules\\npm\\bin\\npm-cli.js" "run" "dev"
16 error node v6.2.0
17 error npm  v3.10.9
18 error code ENOSYS
19 error errno ENOSYS
20 error syscall kill
21 error kill ENOSYS
22 error If you need help, you may report this error at:
22 error     <https://github.com/npm/npm/issues>
23 verbose exit [ 1, true ]
